<?xml version="1.0" encoding="UTF-8"?>
<testsuite name="com.example.springboot.CitiesTest" tests="2" skipped="0" failures="0" errors="0" timestamp="2021-04-27T18:20:31" hostname="privet" time="0.042">
  <properties/>
  <testcase name="getCitiesByID()" classname="com.example.springboot.CitiesTest" time="0.03"/>
  <testcase name="getCities()" classname="com.example.springboot.CitiesTest" time="0.011"/>
  <system-out><![CDATA[2021-04-27 20:20:31.748  INFO 11530 --- [    Test worker] .b.t.c.SpringBootTestContextBootstrapper : Neither @ContextConfiguration nor @ContextHierarchy found for test class [com.example.springboot.CitiesTest], using SpringBootContextLoader
2021-04-27 20:20:31.749  INFO 11530 --- [    Test worker] o.s.t.c.support.AbstractContextLoader    : Could not detect default resource locations for test class [com.example.springboot.CitiesTest]: no resource found for suffixes {-context.xml, Context.groovy}.
2021-04-27 20:20:31.749  INFO 11530 --- [    Test worker] t.c.s.AnnotationConfigContextLoaderUtils : Could not detect default configuration classes for test class [com.example.springboot.CitiesTest]: CitiesTest does not declare any static, non-private, non-final, nested classes annotated with @Configuration.
2021-04-27 20:20:31.754  INFO 11530 --- [    Test worker] .b.t.c.SpringBootTestContextBootstrapper : Found @SpringBootConfiguration com.example.springboot.Application for test class com.example.springboot.CitiesTest
2021-04-27 20:20:31.756  INFO 11530 --- [    Test worker] .b.t.c.SpringBootTestContextBootstrapper : Loaded default TestExecutionListener class names from location [META-INF/spring.factories]: [org.springframework.boot.test.autoconfigure.restdocs.RestDocsTestExecutionListener, org.springframework.boot.test.autoconfigure.web.client.MockRestServiceServerResetTestExecutionListener, org.springframework.boot.test.autoconfigure.web.servlet.MockMvcPrintOnlyOnFailureTestExecutionListener, org.springframework.boot.test.autoconfigure.web.servlet.WebDriverTestExecutionListener, org.springframework.boot.test.autoconfigure.webservices.client.MockWebServiceServerTestExecutionListener, org.springframework.boot.test.mock.mockito.MockitoTestExecutionListener, org.springframework.boot.test.mock.mockito.ResetMocksTestExecutionListener, org.springframework.test.context.web.ServletTestExecutionListener, org.springframework.test.context.support.DirtiesContextBeforeModesTestExecutionListener, org.springframework.test.context.event.ApplicationEventsTestExecutionListener, org.springframework.test.context.support.DependencyInjectionTestExecutionListener, org.springframework.test.context.support.DirtiesContextTestExecutionListener, org.springframework.test.context.transaction.TransactionalTestExecutionListener, org.springframework.test.context.jdbc.SqlScriptsTestExecutionListener, org.springframework.test.context.event.EventPublishingTestExecutionListener]
2021-04-27 20:20:31.757  INFO 11530 --- [    Test worker] .b.t.c.SpringBootTestContextBootstrapper : Using TestExecutionListeners: [org.springframework.test.context.web.ServletTestExecutionListener@528da11a, org.springframework.test.context.support.DirtiesContextBeforeModesTestExecutionListener@2f80e013, org.springframework.test.context.event.ApplicationEventsTestExecutionListener@58e3b3e6, org.springframework.boot.test.mock.mockito.MockitoTestExecutionListener@476ee178, org.springframework.boot.test.autoconfigure.SpringBootDependencyInjectionTestExecutionListener@78d41dfe, org.springframework.test.context.support.DirtiesContextTestExecutionListener@50fcea8f, org.springframework.test.context.event.EventPublishingTestExecutionListener@15450ff5, org.springframework.boot.test.autoconfigure.restdocs.RestDocsTestExecutionListener@25104904, org.springframework.boot.test.autoconfigure.web.client.MockRestServiceServerResetTestExecutionListener@7df39bb5, org.springframework.boot.test.autoconfigure.web.servlet.MockMvcPrintOnlyOnFailureTestExecutionListener@4a6cbe16, org.springframework.boot.test.autoconfigure.web.servlet.WebDriverTestExecutionListener@776b3a09, org.springframework.boot.test.autoconfigure.webservices.client.MockWebServiceServerTestExecutionListener@50941589, org.springframework.boot.test.mock.mockito.ResetMocksTestExecutionListener@31db021d]
]]></system-out>
  <system-err><![CDATA[]]></system-err>
</testsuite>
