<?xml version="1.0" encoding="UTF-8"?>
<testsuite name="com.example.springboot.BebidasTest" tests="2" skipped="0" failures="0" errors="0" timestamp="2021-04-27T18:20:31" hostname="privet" time="0.028">
  <properties/>
  <testcase name="getBebidasByID()" classname="com.example.springboot.BebidasTest" time="0.018"/>
  <testcase name="getBebidas()" classname="com.example.springboot.BebidasTest" time="0.009"/>
  <system-out><![CDATA[2021-04-27 20:20:31.806  INFO 11530 --- [    Test worker] .b.t.c.SpringBootTestContextBootstrapper : Neither @ContextConfiguration nor @ContextHierarchy found for test class [com.example.springboot.BebidasTest], using SpringBootContextLoader
2021-04-27 20:20:31.813  INFO 11530 --- [    Test worker] o.s.t.c.support.AbstractContextLoader    : Could not detect default resource locations for test class [com.example.springboot.BebidasTest]: no resource found for suffixes {-context.xml, Context.groovy}.
2021-04-27 20:20:31.813  INFO 11530 --- [    Test worker] t.c.s.AnnotationConfigContextLoaderUtils : Could not detect default configuration classes for test class [com.example.springboot.BebidasTest]: BebidasTest does not declare any static, non-private, non-final, nested classes annotated with @Configuration.
2021-04-27 20:20:31.815  INFO 11530 --- [    Test worker] .b.t.c.SpringBootTestContextBootstrapper : Found @SpringBootConfiguration com.example.springboot.Application for test class com.example.springboot.BebidasTest
2021-04-27 20:20:31.816  INFO 11530 --- [    Test worker] .b.t.c.SpringBootTestContextBootstrapper : Loaded default TestExecutionListener class names from location [META-INF/spring.factories]: [org.springframework.boot.test.autoconfigure.restdocs.RestDocsTestExecutionListener, org.springframework.boot.test.autoconfigure.web.client.MockRestServiceServerResetTestExecutionListener, org.springframework.boot.test.autoconfigure.web.servlet.MockMvcPrintOnlyOnFailureTestExecutionListener, org.springframework.boot.test.autoconfigure.web.servlet.WebDriverTestExecutionListener, org.springframework.boot.test.autoconfigure.webservices.client.MockWebServiceServerTestExecutionListener, org.springframework.boot.test.mock.mockito.MockitoTestExecutionListener, org.springframework.boot.test.mock.mockito.ResetMocksTestExecutionListener, org.springframework.test.context.web.ServletTestExecutionListener, org.springframework.test.context.support.DirtiesContextBeforeModesTestExecutionListener, org.springframework.test.context.event.ApplicationEventsTestExecutionListener, org.springframework.test.context.support.DependencyInjectionTestExecutionListener, org.springframework.test.context.support.DirtiesContextTestExecutionListener, org.springframework.test.context.transaction.TransactionalTestExecutionListener, org.springframework.test.context.jdbc.SqlScriptsTestExecutionListener, org.springframework.test.context.event.EventPublishingTestExecutionListener]
2021-04-27 20:20:31.817  INFO 11530 --- [    Test worker] .b.t.c.SpringBootTestContextBootstrapper : Using TestExecutionListeners: [org.springframework.test.context.web.ServletTestExecutionListener@2a9d47cb, org.springframework.test.context.support.DirtiesContextBeforeModesTestExecutionListener@17cf5455, org.springframework.test.context.event.ApplicationEventsTestExecutionListener@42455021, org.springframework.boot.test.mock.mockito.MockitoTestExecutionListener@4e233113, org.springframework.boot.test.autoconfigure.SpringBootDependencyInjectionTestExecutionListener@e409403, org.springframework.test.context.support.DirtiesContextTestExecutionListener@63c00462, org.springframework.test.context.event.EventPublishingTestExecutionListener@b6c8463, org.springframework.boot.test.autoconfigure.restdocs.RestDocsTestExecutionListener@5c1097b4, org.springframework.boot.test.autoconfigure.web.client.MockRestServiceServerResetTestExecutionListener@56faf0b9, org.springframework.boot.test.autoconfigure.web.servlet.MockMvcPrintOnlyOnFailureTestExecutionListener@35fa0d10, org.springframework.boot.test.autoconfigure.web.servlet.WebDriverTestExecutionListener@5a5ac850, org.springframework.boot.test.autoconfigure.webservices.client.MockWebServiceServerTestExecutionListener@22f5998, org.springframework.boot.test.mock.mockito.ResetMocksTestExecutionListener@3d10e5c]
]]></system-out>
  <system-err><![CDATA[]]></system-err>
</testsuite>
